2024-12-14 05:06:21,825 - root - DEBUG - compareFinished called.
2024-12-14 05:06:21,826 - root - DEBUG - Images are valid.
2024-12-14 05:06:21,832 - root - DEBUG - Result image size: 2003960 bytes.
2024-12-14 05:06:21,856 - root - DEBUG - Garbage collection completed after setting photo.
2024-12-14 05:13:07,834 - root - DEBUG - compareFinished called.
2024-12-14 05:13:07,834 - root - DEBUG - Images are valid.
2024-12-14 05:13:07,843 - root - DEBUG - Result image size: 2007328 bytes.
2024-12-14 05:13:07,863 - root - DEBUG - Garbage collection completed after setting photo.
2024-12-14 05:24:15,399 - root - DEBUG - compareFinished called.
2024-12-14 05:24:15,400 - root - DEBUG - Images are valid.
2024-12-14 05:24:15,407 - root - DEBUG - Result image size: 2007328 bytes.
2024-12-14 05:24:15,431 - root - DEBUG - Garbage collection completed after setting photo.
2024-12-14 05:36:04,113 - root - DEBUG - compareFinished called.
2024-12-14 05:36:04,113 - root - DEBUG - Images are valid.
2024-12-14 05:36:04,121 - root - DEBUG - Result image size: 2003960 bytes.
2024-12-14 05:36:04,142 - root - DEBUG - Garbage collection completed after setting photo.
2024-12-14 05:36:09,342 - root - DEBUG - compareFinished called.
2024-12-14 05:36:09,342 - root - DEBUG - Images are valid.
2024-12-14 05:36:09,350 - root - DEBUG - Result image size: 2003960 bytes.
2024-12-14 05:36:09,373 - root - DEBUG - Garbage collection completed after setting photo.
2024-12-14 05:36:12,547 - root - DEBUG - compareFinished called.
2024-12-14 05:36:12,547 - root - DEBUG - Images are valid.
2024-12-14 05:36:12,556 - root - DEBUG - Result image size: 2003960 bytes.
2024-12-14 05:36:12,577 - root - DEBUG - Garbage collection completed after setting photo.
2024-12-14 05:36:14,457 - root - DEBUG - compareFinished called.
2024-12-14 05:36:14,457 - root - DEBUG - Images are valid.
2024-12-14 05:36:14,465 - root - DEBUG - Result image size: 2003960 bytes.
2024-12-14 05:36:14,488 - root - DEBUG - Garbage collection completed after setting photo.
2024-12-14 05:36:18,439 - root - DEBUG - compareFinished called.
2024-12-14 05:36:18,439 - root - DEBUG - Images are valid.
2024-12-14 05:36:18,447 - root - DEBUG - Result image size: 2003960 bytes.
2024-12-14 05:36:18,470 - root - DEBUG - Garbage collection completed after setting photo.
2024-12-14 05:36:21,847 - root - DEBUG - compareFinished called.
2024-12-14 05:36:21,847 - root - DEBUG - Images are valid.
2024-12-14 05:36:21,856 - root - DEBUG - Result image size: 2003960 bytes.
2024-12-14 05:36:21,877 - root - DEBUG - Garbage collection completed after setting photo.
2024-12-14 05:36:25,897 - root - DEBUG - compareFinished called.
2024-12-14 05:36:25,897 - root - DEBUG - Images are valid.
2024-12-14 05:36:25,906 - root - DEBUG - Result image size: 2003960 bytes.
2024-12-14 05:36:25,927 - root - DEBUG - Garbage collection completed after setting photo.
2024-12-14 05:36:28,144 - root - DEBUG - compareFinished called.
2024-12-14 05:36:28,144 - root - DEBUG - Images are valid.
2024-12-14 05:36:28,152 - root - DEBUG - Result image size: 2003960 bytes.
2024-12-14 05:36:28,172 - root - DEBUG - Garbage collection completed after setting photo.
2024-12-14 05:44:11,303 - root - DEBUG - compareFinished called.
2024-12-14 05:44:11,304 - root - DEBUG - Images are valid.
2024-12-14 05:44:11,312 - root - DEBUG - Result image size: 2003960 bytes.
2024-12-14 05:44:11,339 - root - DEBUG - Garbage collection completed after setting photo.
2024-12-14 19:39:57,778 - root - DEBUG - compareFinished called.
2024-12-14 19:39:57,779 - root - DEBUG - Images are valid.
2024-12-14 19:39:57,785 - root - DEBUG - Result image size: 2007328 bytes.
2024-12-14 19:39:57,854 - root - DEBUG - Garbage collection completed after setting photo.
2024-12-14 19:40:03,588 - root - DEBUG - compareFinished called.
2024-12-14 19:40:03,588 - root - DEBUG - Images are valid.
2024-12-14 19:40:03,597 - root - DEBUG - Result image size: 2007328 bytes.
2024-12-14 19:40:03,624 - root - DEBUG - Garbage collection completed after setting photo.
2024-12-14 19:40:06,012 - root - DEBUG - compareFinished called.
2024-12-14 19:40:06,013 - root - DEBUG - Images are valid.
2024-12-14 19:40:06,020 - root - DEBUG - Result image size: 2007328 bytes.
2024-12-14 19:40:06,042 - root - DEBUG - Garbage collection completed after setting photo.
2024-12-14 19:40:08,378 - root - DEBUG - compareFinished called.
2024-12-14 19:40:08,378 - root - DEBUG - Images are valid.
2024-12-14 19:40:08,387 - root - DEBUG - Result image size: 2007328 bytes.
2024-12-14 19:40:08,411 - root - DEBUG - Garbage collection completed after setting photo.
2024-12-14 19:55:00,575 - root - DEBUG - compareFinished called.
2024-12-14 19:55:00,575 - root - DEBUG - Images are valid.
2024-12-14 19:55:00,583 - root - DEBUG - Result image size: 2007328 bytes.
2024-12-14 19:55:00,605 - root - DEBUG - Garbage collection completed after setting photo.
2024-12-14 19:55:14,691 - root - DEBUG - compareFinished called.
2024-12-14 19:55:14,692 - root - DEBUG - Images are valid.
2024-12-14 19:55:14,700 - root - DEBUG - Result image size: 2003960 bytes.
2024-12-14 19:55:14,720 - root - DEBUG - Garbage collection completed after setting photo.
2024-12-14 19:55:22,603 - root - DEBUG - compareFinished called.
2024-12-14 19:55:22,603 - root - DEBUG - Images are valid.
2024-12-14 19:55:22,610 - root - DEBUG - Result image size: 2003960 bytes.
2024-12-14 19:55:22,631 - root - DEBUG - Garbage collection completed after setting photo.
2024-12-14 19:55:24,795 - root - DEBUG - compareFinished called.
2024-12-14 19:55:24,795 - root - DEBUG - Images are valid.
2024-12-14 19:55:24,801 - root - DEBUG - Result image size: 2003960 bytes.
2024-12-14 19:55:24,821 - root - DEBUG - Garbage collection completed after setting photo.
2024-12-14 19:55:27,414 - root - DEBUG - compareFinished called.
2024-12-14 19:55:27,415 - root - DEBUG - Images are valid.
2024-12-14 19:55:27,420 - root - DEBUG - Result image size: 2003960 bytes.
2024-12-14 19:55:27,442 - root - DEBUG - Garbage collection completed after setting photo.
2024-12-14 19:55:32,949 - root - DEBUG - compareFinished called.
2024-12-14 19:55:32,949 - root - DEBUG - Images are valid.
2024-12-14 19:55:32,955 - root - DEBUG - Result image size: 2003960 bytes.
2024-12-14 19:55:32,977 - root - DEBUG - Garbage collection completed after setting photo.
2024-12-14 20:59:40,286 - core - INFO - Converting PDF to image: C:/Users/Marcin/Desktop/CV/CV_MarcinCichy_PL_2024_IT_.pdf
2024-12-14 20:59:40,308 - core - INFO - Converting PDF to image: C:/Users/Marcin/Desktop/CV/CV_MarcinCichy_EN_2023_IT.pdf
2024-12-14 20:59:40,325 - core - INFO - Comparing images with sensitivity: 15
2024-12-14 21:07:29,845 - root - DEBUG - compareFinished called.
2024-12-14 21:07:29,845 - root - DEBUG - Images are valid.
2024-12-14 21:07:29,851 - root - DEBUG - Result image size: 2003960 bytes.
2024-12-14 21:07:29,874 - root - DEBUG - Garbage collection completed after setting photo.
2024-12-14 21:07:36,467 - root - DEBUG - compareFinished called.
2024-12-14 21:07:36,467 - root - DEBUG - Images are valid.
2024-12-14 21:07:36,475 - root - DEBUG - Result image size: 2003960 bytes.
2024-12-14 21:07:36,494 - root - DEBUG - Garbage collection completed after setting photo.
2024-12-15 00:40:59,944 - core - INFO - Konwersja PDF do obrazu: E:/Programowanie/Project/ComparePDF/plik_A.pdf
2024-12-15 00:40:59,950 - core - INFO - Konwersja PDF do obrazu: E:/Programowanie/Project/ComparePDF/plik_B.pdf
2024-12-15 00:40:59,956 - core - INFO - Porównywanie obrazów z czu³oœci¹: 15
2024-12-15 01:09:37,250 - root - DEBUG - compareFinished called.
2024-12-15 01:09:37,250 - root - DEBUG - Images are valid.
2024-12-15 01:09:37,259 - root - DEBUG - Result image size: 2007328 bytes.
2024-12-15 01:09:37,279 - root - DEBUG - Garbage collection completed after setting photo.
2024-12-15 02:51:45,173 - root - DEBUG - compareFinished called.
2024-12-15 02:51:45,174 - root - DEBUG - Images are valid.
2024-12-15 02:51:45,186 - root - DEBUG - Result image size: 2007328 bytes.
2024-12-15 02:51:45,217 - root - DEBUG - Garbage collection completed after setting photo.
2024-12-17 00:31:49,611 - root - DEBUG - compareFinished called.
2024-12-17 00:31:49,611 - root - DEBUG - Images are valid.
2024-12-17 00:31:49,619 - root - DEBUG - Result image size: 2007328 bytes.
2024-12-17 00:31:49,639 - root - DEBUG - Garbage collection completed after setting photo.
