2024-12-17 00:43:02,282 - root - INFO - Starting application...
2024-12-17 00:43:02,297 - root - INFO - Creating controller...
2024-12-17 00:43:02,298 - root - DEBUG - Initializing PDFController
2024-12-17 00:43:02,298 - root - DEBUG - PDFController initialized successfully
2024-12-17 00:43:02,298 - root - INFO - Creating main window...
2024-12-17 00:43:02,841 - root - INFO - Setting view...
2024-12-17 00:43:02,841 - root - INFO - Application started successfully
2024-12-17 00:52:16,010 - root - INFO - Starting application...
2024-12-17 00:52:16,026 - root - INFO - Creating controller...
2024-12-17 00:52:16,026 - root - DEBUG - Initializing PDFController
2024-12-17 00:52:16,026 - root - DEBUG - PDFController initialized successfully
2024-12-17 00:52:16,027 - root - INFO - Creating main window...
2024-12-17 00:52:16,627 - root - INFO - Setting view...
2024-12-17 00:52:16,627 - root - INFO - Application started successfully
2024-12-17 00:52:30,907 - root - DEBUG - Setting base document to 2
2024-12-17 00:52:32,881 - root - DEBUG - Setting base document to 1
2024-12-17 00:52:44,549 - root - DEBUG - Setting base document to 2
2024-12-17 00:52:46,571 - root - DEBUG - Setting base document to 1
2024-12-17 01:27:03,520 - root - INFO - Starting application...
2024-12-17 01:27:03,532 - root - INFO - Creating controller...
2024-12-17 01:27:03,532 - root - DEBUG - Initializing PDFController
2024-12-17 01:27:03,533 - root - DEBUG - PDFController initialized successfully
2024-12-17 01:27:03,533 - root - INFO - Creating main window...
2024-12-17 01:27:04,067 - root - INFO - Setting view...
2024-12-17 01:27:04,067 - root - INFO - Application started successfully
2024-12-17 01:27:12,704 - root - DEBUG - Setting base document to 2
2024-12-17 01:27:14,521 - root - DEBUG - Setting base document to 1
2024-12-17 01:27:40,064 - root - DEBUG - Setting base document to 2
2024-12-17 01:28:58,808 - root - INFO - Starting application...
2024-12-17 01:28:58,823 - root - INFO - Creating controller...
2024-12-17 01:28:58,824 - root - DEBUG - Initializing PDFController
2024-12-17 01:28:58,824 - root - DEBUG - PDFController initialized successfully
2024-12-17 01:28:58,824 - root - INFO - Creating main window...
2024-12-17 01:28:59,504 - root - INFO - Setting view...
2024-12-17 01:28:59,505 - root - INFO - Application started successfully
2024-12-17 01:29:17,057 - root - DEBUG - Setting base document to 2
2024-12-17 01:38:43,703 - root - INFO - Starting application...
2024-12-17 01:38:43,717 - root - INFO - Creating controller...
2024-12-17 01:38:43,717 - root - DEBUG - Initializing PDFController
2024-12-17 01:38:43,717 - root - DEBUG - PDFController initialized successfully
2024-12-17 01:38:43,718 - root - INFO - Creating main window...
2024-12-17 01:38:44,294 - root - INFO - Setting view...
2024-12-17 01:38:44,294 - root - INFO - Application started successfully
2024-12-17 01:39:05,439 - root - DEBUG - Setting base document to 2
2024-12-17 01:39:09,197 - root - DEBUG - Setting base document to 1
2024-12-17 01:39:15,531 - root - DEBUG - Setting base document to 2
2024-12-17 01:39:19,571 - root - DEBUG - Setting base document to 1
2024-12-17 01:39:23,556 - root - DEBUG - Setting base document to 2
2024-12-17 01:49:45,840 - root - INFO - Starting application...
2024-12-17 01:49:45,855 - root - INFO - Creating controller...
2024-12-17 01:49:45,855 - root - DEBUG - Initializing PDFController
2024-12-17 01:49:45,855 - root - DEBUG - PDFController initialized successfully
2024-12-17 01:49:45,855 - root - INFO - Creating main window...
2024-12-17 01:49:46,433 - root - INFO - Setting view...
2024-12-17 01:49:46,433 - root - INFO - Application started successfully
2024-12-17 01:50:04,922 - root - DEBUG - Setting base document to 2
2024-12-17 01:50:06,622 - root - DEBUG - Setting base document to 1
2024-12-17 01:50:08,418 - root - DEBUG - Setting base document to 2
2024-12-17 01:50:17,317 - root - DEBUG - Setting base document to 1
2024-12-17 01:51:22,466 - root - INFO - Starting application...
2024-12-17 01:51:22,482 - root - INFO - Creating controller...
2024-12-17 01:51:22,482 - root - DEBUG - Initializing PDFController
2024-12-17 01:51:22,482 - root - DEBUG - PDFController initialized successfully
2024-12-17 01:51:22,482 - root - INFO - Creating main window...
2024-12-17 01:51:23,058 - root - INFO - Setting view...
2024-12-17 01:51:23,058 - root - INFO - Application started successfully
2024-12-17 01:51:33,412 - root - DEBUG - Setting base document to 2
2024-12-17 01:51:36,634 - root - DEBUG - Setting base document to 1
2024-12-17 01:51:40,751 - root - DEBUG - Setting base document to 2
2024-12-17 01:51:45,311 - root - DEBUG - Setting base document to 1
2024-12-17 01:51:45,757 - root - DEBUG - Setting base document to 1
2024-12-17 01:53:33,851 - root - INFO - Starting application...
2024-12-17 01:53:33,865 - root - INFO - Creating controller...
2024-12-17 01:53:33,865 - root - DEBUG - Initializing PDFController
2024-12-17 01:53:33,865 - root - DEBUG - PDFController initialized successfully
2024-12-17 01:53:33,865 - root - INFO - Creating main window...
2024-12-17 01:53:34,488 - root - INFO - Setting view...
2024-12-17 01:53:34,488 - root - INFO - Application started successfully
2024-12-17 01:53:43,799 - root - DEBUG - Setting base document to 2
2024-12-17 01:54:00,536 - root - DEBUG - Setting base document to 1
2024-12-17 02:03:31,598 - root - DEBUG - Setting base document to 2
2024-12-17 02:05:29,138 - root - INFO - Starting application...
2024-12-17 02:05:29,153 - root - INFO - Creating controller...
2024-12-17 02:05:29,154 - root - DEBUG - Initializing PDFController
2024-12-17 02:05:29,154 - root - DEBUG - PDFController initialized successfully
2024-12-17 02:05:29,154 - root - INFO - Creating main window...
2024-12-17 02:05:30,652 - root - INFO - Setting view...
2024-12-17 02:05:30,653 - root - INFO - Application started successfully
2024-12-17 02:08:38,751 - root - INFO - Starting application...
2024-12-17 02:08:38,768 - root - INFO - Creating controller...
2024-12-17 02:08:38,768 - root - DEBUG - Initializing PDFController
2024-12-17 02:08:38,769 - root - DEBUG - PDFController initialized successfully
2024-12-17 02:08:38,769 - root - INFO - Creating main window...
2024-12-17 02:08:39,344 - root - INFO - Setting view...
2024-12-17 02:08:39,345 - root - INFO - Application started successfully
2024-12-17 02:09:01,880 - root - INFO - Starting application...
2024-12-17 02:09:01,894 - root - INFO - Creating controller...
2024-12-17 02:09:01,895 - root - DEBUG - Initializing PDFController
2024-12-17 02:09:01,895 - root - DEBUG - PDFController initialized successfully
2024-12-17 02:09:01,895 - root - INFO - Creating main window...
2024-12-17 02:09:02,473 - root - INFO - Setting view...
2024-12-17 02:09:02,473 - root - INFO - Application started successfully
2024-12-17 02:09:22,655 - root - INFO - Starting application...
2024-12-17 02:09:22,670 - root - INFO - Creating controller...
2024-12-17 02:09:22,670 - root - DEBUG - Initializing PDFController
2024-12-17 02:09:22,670 - root - DEBUG - PDFController initialized successfully
2024-12-17 02:09:22,670 - root - INFO - Creating main window...
2024-12-17 02:09:23,299 - root - INFO - Setting view...
2024-12-17 02:09:23,299 - root - INFO - Application started successfully
2024-12-17 02:11:13,650 - root - INFO - Starting application...
2024-12-17 02:11:13,665 - root - INFO - Creating controller...
2024-12-17 02:11:13,665 - root - DEBUG - Initializing PDFController
2024-12-17 02:11:13,665 - root - DEBUG - PDFController initialized successfully
2024-12-17 02:11:13,665 - root - INFO - Creating main window...
2024-12-17 02:11:14,263 - root - INFO - Setting view...
2024-12-17 02:11:14,263 - root - INFO - Application started successfully
2024-12-17 02:13:15,966 - root - INFO - Starting application...
2024-12-17 02:13:15,979 - root - INFO - Creating controller...
2024-12-17 02:13:15,979 - root - DEBUG - Initializing PDFController
2024-12-17 02:13:15,979 - root - DEBUG - PDFController initialized successfully
2024-12-17 02:13:15,980 - root - INFO - Creating main window...
2024-12-17 02:13:15,984 - root - CRITICAL - Failed to start application: 'PreviewPanel' object has no attribute 'add_control_panel'
2024-12-17 02:13:15,985 - root - CRITICAL - Unhandled exception: Traceback (most recent call last):
  File "E:\Programowanie\Project\ComparePDF\main.py", line 67, in <module>
    main()
  File "E:\Programowanie\Project\ComparePDF\main.py", line 55, in main
    main_window = MainWindow(controller)
                  ^^^^^^^^^^^^^^^^^^^^^^
  File "E:\Programowanie\Project\ComparePDF\views\main_window.py", line 16, in __init__
    self._setup_ui()
  File "E:\Programowanie\Project\ComparePDF\views\main_window.py", line 39, in _setup_ui
    self.preview_panel.add_control_panel(self.control_panel)
    ^^^^^^^^^^^^^^^^^^^^^^^^^^^^^^^^^^^^
AttributeError: 'PreviewPanel' object has no attribute 'add_control_panel'

2024-12-17 02:13:32,309 - root - INFO - Starting application...
2024-12-17 02:13:32,322 - root - INFO - Creating controller...
2024-12-17 02:13:32,322 - root - DEBUG - Initializing PDFController
2024-12-17 02:13:32,322 - root - DEBUG - PDFController initialized successfully
2024-12-17 02:13:32,322 - root - INFO - Creating main window...
2024-12-17 02:13:32,869 - root - INFO - Setting view...
2024-12-17 02:13:32,869 - root - INFO - Application started successfully
2024-12-17 02:15:21,487 - root - INFO - Starting application...
2024-12-17 02:15:21,501 - root - INFO - Creating controller...
2024-12-17 02:15:21,502 - root - DEBUG - Initializing PDFController
2024-12-17 02:15:21,502 - root - DEBUG - PDFController initialized successfully
2024-12-17 02:15:21,502 - root - INFO - Creating main window...
2024-12-17 02:15:22,055 - root - INFO - Setting view...
2024-12-17 02:15:22,055 - root - INFO - Application started successfully
2024-12-17 02:17:21,500 - root - INFO - Starting application...
2024-12-17 02:17:21,514 - root - INFO - Creating controller...
2024-12-17 02:17:21,514 - root - DEBUG - Initializing PDFController
2024-12-17 02:17:21,514 - root - DEBUG - PDFController initialized successfully
2024-12-17 02:17:21,514 - root - INFO - Creating main window...
2024-12-17 02:17:22,072 - root - INFO - Setting view...
2024-12-17 02:17:22,072 - root - INFO - Application started successfully
2024-12-17 02:18:47,041 - root - INFO - Starting application...
2024-12-17 02:18:47,054 - root - INFO - Creating controller...
2024-12-17 02:18:47,054 - root - DEBUG - Initializing PDFController
2024-12-17 02:18:47,054 - root - DEBUG - PDFController initialized successfully
2024-12-17 02:18:47,055 - root - INFO - Creating main window...
2024-12-17 02:18:47,638 - root - INFO - Setting view...
2024-12-17 02:18:47,638 - root - INFO - Application started successfully
2024-12-17 02:20:14,084 - root - INFO - Starting application...
2024-12-17 02:20:14,100 - root - INFO - Creating controller...
2024-12-17 02:20:14,101 - root - DEBUG - Initializing PDFController
2024-12-17 02:20:14,101 - root - DEBUG - PDFController initialized successfully
2024-12-17 02:20:14,101 - root - INFO - Creating main window...
2024-12-17 02:20:14,679 - root - INFO - Setting view...
2024-12-17 02:20:14,679 - root - INFO - Application started successfully
2024-12-17 02:22:29,130 - root - INFO - Starting application...
2024-12-17 02:22:29,143 - root - INFO - Creating controller...
2024-12-17 02:22:29,144 - root - DEBUG - Initializing PDFController
2024-12-17 02:22:29,144 - root - DEBUG - PDFController initialized successfully
2024-12-17 02:22:29,144 - root - INFO - Creating main window...
2024-12-17 02:22:29,719 - root - INFO - Setting view...
2024-12-17 02:22:29,719 - root - INFO - Application started successfully
2024-12-17 02:24:55,992 - root - INFO - Starting application...
2024-12-17 02:24:56,007 - root - INFO - Creating controller...
2024-12-17 02:24:56,008 - root - DEBUG - Initializing PDFController
2024-12-17 02:24:56,008 - root - DEBUG - PDFController initialized successfully
2024-12-17 02:24:56,008 - root - INFO - Creating main window...
2024-12-17 02:24:56,554 - root - INFO - Setting view...
2024-12-17 02:24:56,554 - root - INFO - Application started successfully
2024-12-17 02:27:10,937 - root - INFO - Starting application...
2024-12-17 02:27:10,950 - root - INFO - Creating controller...
2024-12-17 02:27:10,950 - root - DEBUG - Initializing PDFController
2024-12-17 02:27:10,950 - root - DEBUG - PDFController initialized successfully
2024-12-17 02:27:10,950 - root - INFO - Creating main window...
2024-12-17 02:27:11,521 - root - INFO - Setting view...
2024-12-17 02:27:11,521 - root - INFO - Application started successfully
2024-12-17 02:29:51,909 - root - INFO - Starting application...
2024-12-17 02:29:51,922 - root - INFO - Creating controller...
2024-12-17 02:29:51,922 - root - DEBUG - Initializing PDFController
2024-12-17 02:29:51,922 - root - DEBUG - PDFController initialized successfully
2024-12-17 02:29:51,922 - root - INFO - Creating main window...
2024-12-17 02:29:52,484 - root - INFO - Setting view...
2024-12-17 02:29:52,484 - root - INFO - Application started successfully
2024-12-17 02:30:10,700 - root - DEBUG - Setting base document to 2
2024-12-17 02:30:25,184 - root - DEBUG - Setting base document to 1
2024-12-17 02:33:14,253 - root - INFO - Starting application...
2024-12-17 02:33:14,269 - root - INFO - Creating controller...
2024-12-17 02:33:14,269 - root - DEBUG - Initializing PDFController
2024-12-17 02:33:14,270 - root - DEBUG - PDFController initialized successfully
2024-12-17 02:33:14,270 - root - INFO - Creating main window...
2024-12-17 02:33:14,837 - root - INFO - Setting view...
2024-12-17 02:33:14,838 - root - INFO - Application started successfully
2024-12-17 02:34:40,726 - root - INFO - Starting application...
2024-12-17 02:34:40,742 - root - INFO - Creating controller...
2024-12-17 02:34:40,742 - root - DEBUG - Initializing PDFController
2024-12-17 02:34:40,742 - root - DEBUG - PDFController initialized successfully
2024-12-17 02:34:40,742 - root - INFO - Creating main window...
2024-12-17 02:34:41,341 - root - INFO - Setting view...
2024-12-17 02:34:41,341 - root - INFO - Application started successfully
2024-12-17 02:35:58,263 - root - INFO - Starting application...
2024-12-17 02:35:58,275 - root - INFO - Creating controller...
2024-12-17 02:35:58,275 - root - DEBUG - Initializing PDFController
2024-12-17 02:35:58,275 - root - DEBUG - PDFController initialized successfully
2024-12-17 02:35:58,275 - root - INFO - Creating main window...
2024-12-17 02:35:58,823 - root - INFO - Setting view...
2024-12-17 02:35:58,823 - root - INFO - Application started successfully
2024-12-17 02:37:39,516 - root - INFO - Starting application...
2024-12-17 02:37:39,529 - root - INFO - Creating controller...
2024-12-17 02:37:39,529 - root - DEBUG - Initializing PDFController
2024-12-17 02:37:39,529 - root - DEBUG - PDFController initialized successfully
2024-12-17 02:37:39,529 - root - INFO - Creating main window...
2024-12-17 02:37:40,073 - root - INFO - Setting view...
2024-12-17 02:37:40,073 - root - INFO - Application started successfully
2024-12-17 02:38:48,570 - root - INFO - Starting application...
2024-12-17 02:38:48,583 - root - INFO - Creating controller...
2024-12-17 02:38:48,583 - root - DEBUG - Initializing PDFController
2024-12-17 02:38:48,583 - root - DEBUG - PDFController initialized successfully
2024-12-17 02:38:48,583 - root - INFO - Creating main window...
2024-12-17 02:38:49,119 - root - INFO - Setting view...
2024-12-17 02:38:49,119 - root - INFO - Application started successfully
2024-12-17 02:39:15,383 - root - INFO - Starting application...
2024-12-17 02:39:15,395 - root - INFO - Creating controller...
2024-12-17 02:39:15,395 - root - DEBUG - Initializing PDFController
2024-12-17 02:39:15,395 - root - DEBUG - PDFController initialized successfully
2024-12-17 02:39:15,395 - root - INFO - Creating main window...
2024-12-17 02:39:15,957 - root - INFO - Setting view...
2024-12-17 02:39:15,957 - root - INFO - Application started successfully
